 GET /bhw/profile 200 in 974ms (next.js: 233ms, proxy.ts: 228ms, application-code: 513ms)
 GET /manifest.webmanifest 404 in 285ms (next.js: 36ms, application-code: 249ms)
Persisting failed: Unable to write SST file 00000239.sst

Caused by:
    The system cannot find the path specified. (os error 3)
Compaction failed: Another write batch or compaction is already active (Only a single write operations is allowed at a time)
Persisting failed: Another write batch or compaction is already active (Only a single write operations is allowed at a time)
Persisting failed: Another write batch or compaction is already active (Only a single write operations is allowed at a time)
Persisting failed: Another write batch or compaction is already active (Only a single write operations is allowed at a time)
Compaction failed: Another write batch or compaction is already active (Only a single write operations is allowed at a time)
○ Compiling /_error ...
✓ Compiled in 19.4s
⨯ Error: ENOENT: no such file or directory, open 'D:\capstone\project-link\apps\web\.next\dev\static\development\_buildManifest.js.tmp.vsquru6l1im'
    at ignore-listed frames {
  errno: -4058,
  code: 'ENOENT',
  syscall: 'open',
  path: 'D:\\capstone\\project-link\\apps\\web\\.next\\dev\\static\\development\\_buildManifest.js.tmp.vsquru6l1im'
}
⨯ Error: ENOENT: no such file or directory, open 'D:\capstone\project-link\apps\web\.next\dev\server\app\_not-found\page\build-manifest.json'
    at ignore-listed frames {
  errno: -4058,
  code: 'ENOENT',
  syscall: 'open',
  path: 'D:\\capstone\\project-link\\apps\\web\\.next\\dev\\server\\app\\_not-found\\page\\build-manifest.json'
}
Error: ENOENT: no such file or directory, open 'D:\capstone\project-link\apps\web\.next\dev\routes-manifest.json'
    at ignore-listed frames {
  errno: -4058,
  code: 'ENOENT',
  syscall: 'open',
  path: 'D:\\capstone\\project-link\\apps\\web\\.next\\dev\\routes-manifest.json'
}
⨯ Error: Cannot find module '../chunks/ssr/[turbopack]_runtime.js'
Require stack:
- D:\capstone\project-link\apps\web\.next\dev\server\pages\_document.js
- D:\capstone\project-link\node_modules\.pnpm\next@16.2.9_@babel+core@7.2_ca1be24fbd112c4ab12c1aa4b561e179\node_modules\next\dist\server\require.js
- D:\capstone\project-link\node_modules\.pnpm\next@16.2.9_@babel+core@7.2_ca1be24fbd112c4ab12c1aa4b561e179\node_modules\next\dist\server\load-components.js
- D:\capstone\project-link\node_modules\.pnpm\next@16.2.9_@babel+core@7.2_ca1be24fbd112c4ab12c1aa4b561e179\node_modules\next\dist\build\utils.js
- D:\capstone\project-link\node_modules\.pnpm\next@16.2.9_@babel+core@7.2_ca1be24fbd112c4ab12c1aa4b561e179\node_modules\next\dist\server\lib\router-utils\setup-dev-bundler.js
- D:\capstone\project-link\node_modules\.pnpm\next@16.2.9_@babel+core@7.2_ca1be24fbd112c4ab12c1aa4b561e179\node_modules\next\dist\server\lib\router-server.js
- D:\capstone\project-link\node_modules\.pnpm\next@16.2.9_@babel+core@7.2_ca1be24fbd112c4ab12c1aa4b561e179\node_modules\next\dist\server\lib\start-server.js
    at Object.<anonymous> (D:\capstone\project-link\apps\web\.next\dev\server\pages\_document.js:1:7) {
  code: 'MODULE_NOT_FOUND',
  requireStack: [
    'D:\\capstone\\project-link\\apps\\web\\.next\\dev\\server\\pages\\_document.js',
    'D:\\capstone\\project-link\\node_modules\\.pnpm\\next@16.2.9_@babel+core@7.2_ca1be24fbd112c4ab12c1aa4b561e179\\node_modules\\next\\dist\\server\\require.js',
    'D:\\capstone\\project-link\\node_modules\\.pnpm\\next@16.2.9_@babel+core@7.2_ca1be24fbd112c4ab12c1aa4b561e179\\node_modules\\next\\dist\\server\\load-components.js',
    'D:\\capstone\\project-link\\node_modules\\.pnpm\\next@16.2.9_@babel+core@7.2_ca1be24fbd112c4ab12c1aa4b561e179\\node_modules\\next\\dist\\build\\utils.js',
    'D:\\capstone\\project-link\\node_modules\\.pnpm\\next@16.2.9_@babel+core@7.2_ca1be24fbd112c4ab12c1aa4b561e179\\node_modules\\next\\dist\\server\\lib\\router-utils\\setup-dev-bundler.js',
    'D:\\capstone\\project-link\\node_modules\\.pnpm\\next@16.2.9_@babel+core@7.2_ca1be24fbd112c4ab12c1aa4b561e179\\node_modules\\next\\dist\\server\\lib\\router-server.js',
    'D:\\capstone\\project-link\\node_modules\\.pnpm\\next@16.2.9_@babel+core@7.2_ca1be24fbd112c4ab12c1aa4b561e179\\node_modules\\next\\dist\\server\\lib\\start-server.js'
  ]
}
Error: ENOENT: no such file or directory, open 'D:\capstone\project-link\apps\web\.next\dev\routes-manifest.json'
    at ignore-listed frames {
  errno: -4058,
  code: 'ENOENT',
  syscall: 'open',
  path: 'D:\\capstone\\project-link\\apps\\web\\.next\\dev\\routes-manifest.json'
}
 GET /bhw/profile 500 in 12.7s (next.js: 330ms, proxy.ts: 12.3s, application-code: 47ms)
⨯ Error: Cannot find module '../chunks/ssr/[turbopack]_runtime.js'
Require stack:
- D:\capstone\project-link\apps\web\.next\dev\server\pages\_document.js
- D:\capstone\project-link\node_modules\.pnpm\next@16.2.9_@babel+core@7.2_ca1be24fbd112c4ab12c1aa4b561e179\node_modules\next\dist\server\require.js
- D:\capstone\project-link\node_modules\.pnpm\next@16.2.9_@babel+core@7.2_ca1be24fbd112c4ab12c1aa4b561e179\node_modules\next\dist\server\load-components.js
- D:\capstone\project-link\node_modules\.pnpm\next@16.2.9_@babel+core@7.2_ca1be24fbd112c4ab12c1aa4b561e179\node_modules\next\dist\build\utils.js
- D:\capstone\project-link\node_modules\.pnpm\next@16.2.9_@babel+core@7.2_ca1be24fbd112c4ab12c1aa4b561e179\node_modules\next\dist\server\lib\router-utils\setup-dev-bundler.js
- D:\capstone\project-link\node_modules\.pnpm\next@16.2.9_@babel+core@7.2_ca1be24fbd112c4ab12c1aa4b561e179\node_modules\next\dist\server\lib\router-server.js
- D:\capstone\project-link\node_modules\.pnpm\next@16.2.9_@babel+core@7.2_ca1be24fbd112c4ab12c1aa4b561e179\node_modules\next\dist\server\lib\start-server.js
    at Object.<anonymous> (D:\capstone\project-link\apps\web\.next\dev\server\pages\_document.js:1:7) {
  code: 'MODULE_NOT_FOUND',
  requireStack: [
    'D:\\capstone\\project-link\\apps\\web\\.next\\dev\\server\\pages\\_document.js',
    'D:\\capstone\\project-link\\node_modules\\.pnpm\\next@16.2.9_@babel+core@7.2_ca1be24fbd112c4ab12c1aa4b561e179\\node_modules\\next\\dist\\server\\require.js',
    'D:\\capstone\\project-link\\node_modules\\.pnpm\\next@16.2.9_@babel+core@7.2_ca1be24fbd112c4ab12c1aa4b561e179\\node_modules\\next\\dist\\server\\load-components.js',
    'D:\\capstone\\project-link\\node_modules\\.pnpm\\next@16.2.9_@babel+core@7.2_ca1be24fbd112c4ab12c1aa4b561e179\\node_modules\\next\\dist\\build\\utils.js',
    'D:\\capstone\\project-link\\node_modules\\.pnpm\\next@16.2.9_@babel+core@7.2_ca1be24fbd112c4ab12c1aa4b561e179\\node_modules\\next\\dist\\server\\lib\\router-utils\\setup-dev-bundler.js',
    'D:\\capstone\\project-link\\node_modules\\.pnpm\\next@16.2.9_@babel+core@7.2_ca1be24fbd112c4ab12c1aa4b561e179\\node_modules\\next\\dist\\server\\lib\\router-server.js',
    'D:\\capstone\\project-link\\node_modules\\.pnpm\\next@16.2.9_@babel+core@7.2_ca1be24fbd112c4ab12c1aa4b561e179\\node_modules\\next\\dist\\server\\lib\\start-server.js'
  ]
}
⨯ Error: ENOENT: no such file or directory, open 'D:\capstone\project-link\apps\web\.next\dev\server\app\_not-found\page\build-manifest.json'
    at ignore-listed frames {
  errno: -4058,
  code: 'ENOENT',
  syscall: 'open',
  path: 'D:\\capstone\\project-link\\apps\\web\\.next\\dev\\server\\app\\_not-found\\page\\build-manifest.json'
}
Error: ENOENT: no such file or directory, open 'D:\capstone\project-link\apps\web\.next\dev\routes-manifest.json'
    at ignore-listed frames {
  errno: -4058,
  code: 'ENOENT',
  syscall: 'open',
  path: 'D:\\capstone\\project-link\\apps\\web\\.next\\dev\\routes-manifest.json'
}
⨯ Error: Cannot find module '../chunks/ssr/[turbopack]_runtime.js'
Require stack:
- D:\capstone\project-link\apps\web\.next\dev\server\pages\_document.js
- D:\capstone\project-link\node_modules\.pnpm\next@16.2.9_@babel+core@7.2_ca1be24fbd112c4ab12c1aa4b561e179\node_modules\next\dist\server\require.js
- D:\capstone\project-link\node_modules\.pnpm\next@16.2.9_@babel+core@7.2_ca1be24fbd112c4ab12c1aa4b561e179\node_modules\next\dist\server\load-components.js
- D:\capstone\project-link\node_modules\.pnpm\next@16.2.9_@babel+core@7.2_ca1be24fbd112c4ab12c1aa4b561e179\node_modules\next\dist\build\utils.js
- D:\capstone\project-link\node_modules\.pnpm\next@16.2.9_@babel+core@7.2_ca1be24fbd112c4ab12c1aa4b561e179\node_modules\next\dist\server\lib\router-utils\setup-dev-bundler.js
- D:\capstone\project-link\node_modules\.pnpm\next@16.2.9_@babel+core@7.2_ca1be24fbd112c4ab12c1aa4b561e179\node_modules\next\dist\server\lib\router-server.js
- D:\capstone\project-link\node_modules\.pnpm\next@16.2.9_@babel+core@7.2_ca1be24fbd112c4ab12c1aa4b561e179\node_modules\next\dist\server\lib\start-server.js
    at Object.<anonymous> (D:\capstone\project-link\apps\web\.next\dev\server\pages\_document.js:1:7) {
  code: 'MODULE_NOT_FOUND',
  requireStack: [
    'D:\\capstone\\project-link\\apps\\web\\.next\\dev\\server\\pages\\_document.js',
    'D:\\capstone\\project-link\\node_modules\\.pnpm\\next@16.2.9_@babel+core@7.2_ca1be24fbd112c4ab12c1aa4b561e179\\node_modules\\next\\dist\\server\\require.js',
    'D:\\capstone\\project-link\\node_modules\\.pnpm\\next@16.2.9_@babel+core@7.2_ca1be24fbd112c4ab12c1aa4b561e179\\node_modules\\next\\dist\\server\\load-components.js',
    'D:\\capstone\\project-link\\node_modules\\.pnpm\\next@16.2.9_@babel+core@7.2_ca1be24fbd112c4ab12c1aa4b561e179\\node_modules\\next\\dist\\build\\utils.js',
    'D:\\capstone\\project-link\\node_modules\\.pnpm\\next@16.2.9_@babel+core@7.2_ca1be24fbd112c4ab12c1aa4b561e179\\node_modules\\next\\dist\\server\\lib\\router-utils\\setup-dev-bundler.js',
    'D:\\capstone\\project-link\\node_modules\\.pnpm\\next@16.2.9_@babel+core@7.2_ca1be24fbd112c4ab12c1aa4b561e179\\node_modules\\next\\dist\\server\\lib\\router-server.js',
    'D:\\capstone\\project-link\\node_modules\\.pnpm\\next@16.2.9_@babel+core@7.2_ca1be24fbd112c4ab12c1aa4b561e179\\node_modules\\next\\dist\\server\\lib\\start-server.js'
  ]
}
Error: ENOENT: no such file or directory, open 'D:\capstone\project-link\apps\web\.next\dev\routes-manifest.json'
    at ignore-listed frames {
  errno: -4058,
  code: 'ENOENT',
  syscall: 'open',
  path: 'D:\\capstone\\project-link\\apps\\web\\.next\\dev\\routes-manifest.json'
}
 GET /bhw/profile 500 in 377ms (next.js: 126ms, proxy.ts: 212ms, application-code: 38ms)
⨯ Error: Cannot find module '../chunks/ssr/[turbopack]_runtime.js'
Require stack:
- D:\capstone\project-link\apps\web\.next\dev\server\pages\_document.js
- D:\capstone\project-link\node_modules\.pnpm\next@16.2.9_@babel+core@7.2_ca1be24fbd112c4ab12c1aa4b561e179\node_modules\next\dist\server\require.js
- D:\capstone\project-link\node_modules\.pnpm\next@16.2.9_@babel+core@7.2_ca1be24fbd112c4ab12c1aa4b561e179\node_modules\next\dist\server\load-components.js
- D:\capstone\project-link\node_modules\.pnpm\next@16.2.9_@babel+core@7.2_ca1be24fbd112c4ab12c1aa4b561e179\node_modules\next\dist\build\utils.js
- D:\capstone\project-link\node_modules\.pnpm\next@16.2.9_@babel+core@7.2_ca1be24fbd112c4ab12c1aa4b561e179\node_modules\next\dist\server\lib\router-utils\setup-dev-bundler.js
- D:\capstone\project-link\node_modules\.pnpm\next@16.2.9_@babel+core@7.2_ca1be24fbd112c4ab12c1aa4b561e179\node_modules\next\dist\server\lib\router-server.js
- D:\capstone\project-link\node_modules\.pnpm\next@16.2.9_@babel+core@7.2_ca1be24fbd112c4ab12c1aa4b561e179\node_modules\next\dist\server\lib\start-server.js
    at Object.<anonymous> (D:\capstone\project-link\apps\web\.next\dev\server\pages\_document.js:1:7) {
  code: 'MODULE_NOT_FOUND',
  requireStack: [
    'D:\\capstone\\project-link\\apps\\web\\.next\\dev\\server\\pages\\_document.js',
    'D:\\capstone\\project-link\\node_modules\\.pnpm\\next@16.2.9_@babel+core@7.2_ca1be24fbd112c4ab12c1aa4b561e179\\node_modules\\next\\dist\\server\\require.js',
    'D:\\capstone\\project-link\\node_modules\\.pnpm\\next@16.2.9_@babel+core@7.2_ca1be24fbd112c4ab12c1aa4b561e179\\node_modules\\next\\dist\\server\\load-components.js',
    'D:\\capstone\\project-link\\node_modules\\.pnpm\\next@16.2.9_@babel+core@7.2_ca1be24fbd112c4ab12c1aa4b561e179\\node_modules\\next\\dist\\build\\utils.js',
    'D:\\capstone\\project-link\\node_modules\\.pnpm\\next@16.2.9_@babel+core@7.2_ca1be24fbd112c4ab12c1aa4b561e179\\node_modules\\next\\dist\\server\\lib\\router-utils\\setup-dev-bundler.js',
    'D:\\capstone\\project-link\\node_modules\\.pnpm\\next@16.2.9_@babel+core@7.2_ca1be24fbd112c4ab12c1aa4b561e179\\node_modules\\next\\dist\\server\\lib\\router-server.js',
    'D:\\capstone\\project-link\\node_modules\\.pnpm\\next@16.2.9_@babel+core@7.2_ca1be24fbd112c4ab12c1aa4b561e179\\node_modules\\next\\dist\\server\\lib\\start-server.js'
  ]
}
⨯ Error: ENOENT: no such file or directory, open 'D:\capstone\project-link\apps\web\.next\dev\server\app\_not-found\page\build-manifest.json'
    at ignore-listed frames {
  errno: -4058,
  code: 'ENOENT',
  syscall: 'open',
  path: 'D:\\capstone\\project-link\\apps\\web\\.next\\dev\\server\\app\\_not-found\\page\\build-manifest.json'
}
Error: ENOENT: no such file or directory, open 'D:\capstone\project-link\apps\web\.next\dev\routes-manifest.json'
    at ignore-listed frames {
  errno: -4058,
  code: 'ENOENT',
  syscall: 'open',
  path: 'D:\\capstone\\project-link\\apps\\web\\.next\\dev\\routes-manifest.json'
}
⨯ Error: Cannot find module '../chunks/ssr/[turbopack]_runtime.js'
Require stack:
- D:\capstone\project-link\apps\web\.next\dev\server\pages\_document.js
- D:\capstone\project-link\node_modules\.pnpm\next@16.2.9_@babel+core@7.2_ca1be24fbd112c4ab12c1aa4b561e179\node_modules\next\dist\server\require.js
- D:\capstone\project-link\node_modules\.pnpm\next@16.2.9_@babel+core@7.2_ca1be24fbd112c4ab12c1aa4b561e179\node_modules\next\dist\server\load-components.js
- D:\capstone\project-link\node_modules\.pnpm\next@16.2.9_@babel+core@7.2_ca1be24fbd112c4ab12c1aa4b561e179\node_modules\next\dist\build\utils.js
- D:\capstone\project-link\node_modules\.pnpm\next@16.2.9_@babel+core@7.2_ca1be24fbd112c4ab12c1aa4b561e179\node_modules\next\dist\server\lib\router-utils\setup-dev-bundler.js
- D:\capstone\project-link\node_modules\.pnpm\next@16.2.9_@babel+core@7.2_ca1be24fbd112c4ab12c1aa4b561e179\node_modules\next\dist\server\lib\router-server.js
- D:\capstone\project-link\node_modules\.pnpm\next@16.2.9_@babel+core@7.2_ca1be24fbd112c4ab12c1aa4b561e179\node_modules\next\dist\server\lib\start-server.js
    at Object.<anonymous> (D:\capstone\project-link\apps\web\.next\dev\server\pages\_document.js:1:7) {
  code: 'MODULE_NOT_FOUND',
  requireStack: [
    'D:\\capstone\\project-link\\apps\\web\\.next\\dev\\server\\pages\\_document.js',
    'D:\\capstone\\project-link\\node_modules\\.pnpm\\next@16.2.9_@babel+core@7.2_ca1be24fbd112c4ab12c1aa4b561e179\\node_modules\\next\\dist\\server\\require.js',
    'D:\\capstone\\project-link\\node_modules\\.pnpm\\next@16.2.9_@babel+core@7.2_ca1be24fbd112c4ab12c1aa4b561e179\\node_modules\\next\\dist\\server\\load-components.js',
    'D:\\capstone\\project-link\\node_modules\\.pnpm\\next@16.2.9_@babel+core@7.2_ca1be24fbd112c4ab12c1aa4b561e179\\node_modules\\next\\dist\\build\\utils.js',
    'D:\\capstone\\project-link\\node_modules\\.pnpm\\next@16.2.9_@babel+core@7.2_ca1be24fbd112c4ab12c1aa4b561e179\\node_modules\\next\\dist\\server\\lib\\router-utils\\setup-dev-bundler.js',
    'D:\\capstone\\project-link\\node_modules\\.pnpm\\next@16.2.9_@babel+core@7.2_ca1be24fbd112c4ab12c1aa4b561e179\\node_modules\\next\\dist\\server\\lib\\router-server.js',
    'D:\\capstone\\project-link\\node_modules\\.pnpm\\next@16.2.9_@babel+core@7.2_ca1be24fbd112c4ab12c1aa4b561e179\\node_modules\\next\\dist\\server\\lib\\start-server.js'
  ]
}
Error: ENOENT: no such file or directory, open 'D:\capstone\project-link\apps\web\.next\dev\routes-manifest.json'
    at ignore-listed frames {
  errno: -4058,
  code: 'ENOENT',
  syscall: 'open',
  path: 'D:\\capstone\\project-link\\apps\\web\\.next\\dev\\routes-manifest.json'
}
 GET /.well-known/appspecific/com.chrome.devtools.json 500 in 414ms (next.js: 171ms, proxy.ts: 201ms, application-code: 43ms)
Persisting failed: Another write batch or compaction is already active (Only a single write operations is allowed at a time)
Compaction failed: Another write batch or compaction is already active (Only a single write operations is allowed at a time)
Persisting f